<?xml version="1.0" encoding="UTF-8"?>
<testng-results ignored="0" total="1" passed="1" failed="0" skipped="0">
  <reporter-output>
  </reporter-output>
  <suite started-at="2025-07-29T21:22:34 IST" name="Suite" finished-at="2025-07-29T21:23:13 IST" duration-ms="39540">
    <groups>
      <group name="Master">
        <method signature="TC004_SearchProductTest.verify_Productsearch()[pri:0, instance:testCases.TC004_SearchProductTest@421bba99]" name="verify_Productsearch" class="testCases.TC004_SearchProductTest"/>
      </group> <!-- Master -->
    </groups>
    <test started-at="2025-07-29T21:22:34 IST" name="Test" finished-at="2025-07-29T21:23:13 IST" duration-ms="39540">
      <class name="testCases.TC004_SearchProductTest">
        <test-method is-config="true" signature="setup(java.lang.String,java.lang.String)[pri:0, instance:testCases.TC004_SearchProductTest@421bba99]" started-at="2025-07-29T21:22:34 IST" name="setup" finished-at="2025-07-29T21:22:40 IST" duration-ms="6354" status="PASS">
          <params>
            <param index="0">
              <value>
                <![CDATA[windows]]>
              </value>
            </param>
            <param index="1">
              <value>
                <![CDATA[chrome]]>
              </value>
            </param>
          </params>
          <reporter-output>
          </reporter-output>
        </test-method> <!-- setup -->
        <test-method signature="verify_Productsearch()[pri:0, instance:testCases.TC004_SearchProductTest@421bba99]" started-at="2025-07-29T21:22:40 IST" name="verify_Productsearch" finished-at="2025-07-29T21:23:12 IST" duration-ms="31864" status="PASS">
          <reporter-output>
          </reporter-output>
        </test-method> <!-- verify_Productsearch -->
        <test-method is-config="true" signature="tearDown()[pri:0, instance:testCases.TC004_SearchProductTest@421bba99]" started-at="2025-07-29T21:23:12 IST" name="tearDown" finished-at="2025-07-29T21:23:13 IST" duration-ms="689" status="PASS">
          <reporter-output>
          </reporter-output>
        </test-method> <!-- tearDown -->
      </class> <!-- testCases.TC004_SearchProductTest -->
    </test> <!-- Test -->
  </suite> <!-- Suite -->
</testng-results>
